#
# A fatal error has been detected by the Java Runtime Environment:
#
#  SIGILL (0x4) at pc=0x00007fff3feb5e9d, pid=9991, tid=0x0000000000000307
#
# JRE version: Java(TM) SE Runtime Environment (8.0_144-b01) (build 1.8.0_144-b01)
# Java VM: Java HotSpot(TM) 64-Bit Server VM (25.144-b01 mixed mode bsd-amd64 compressed oops)
# Problematic frame:
# C  [CoreFoundation+0xde9d]  CFRelease+0x6d
#
# Failed to write core dump. Core dumps have been disabled. To enable core dumping, try "ulimit -c unlimited" before starting Java again
#
# If you would like to submit a bug report, please visit:
#   http://bugreport.java.com/bugreport/crash.jsp
# The crash happened outside the Java Virtual Machine in native code.
# See problematic frame for where to report the bug.
#

---------------  T H R E A D  ---------------

Current thread (0x00007ffacc37f000):  JavaThread "AWT-AppKit" daemon [_thread_in_native, id=775, stack(0x00007ffee72f6000,0x00007ffee7af6000)]

siginfo: si_signo: 4 (SIGILL), si_code: 1 (ILL_ILLOPC), si_addr: 0x00007fff3feb5e9d

Registers:
RAX=0x00007fff402840a0, RBX=0x00007ffabe1b0a50, RCX=0x000000000021e000, RDX=0x000000000021e000
RSP=0x00007ffee7af2400, RBP=0x00007ffee7af2400, RSI=0x00007fff3e1ae3ac, RDI=0x0000000000000000
R8 =0x00000000000003ff, R9 =0x00007ffadb131420, R10=0x00007fff99c0b1b8, R11=0x00007ffacd0af0c0
R12=0x00007ffadb131420, R13=0x00007ffacb56a910, R14=0x00007ffacb533290, R15=0x00007ffacb533290
RIP=0x00007fff3feb5e9d, EFLAGS=0x0000000000010246, ERR=0x0000000000000000
  TRAPNO=0x0000000000000006

Top of Stack: (sp=0x00007ffee7af2400)
0x00007ffee7af2400:   00007ffee7af24c0 000000012366eea1
0x00007ffee7af2410:   00007fff3e1efd58 00007fff3e1ae3ac
0x00007ffee7af2420:   000000000021e000 000000000021e000
0x00007ffee7af2430:   00000000000003ff 00007ffadb131420
0x00007ffee7af2440:   0000000000002707 0000000108124440
0x00007ffee7af2450:   00007fff66c2ee80 00007ffacb56a910
0x00007ffee7af2460:   00007fffa0756688 00007fffa0756480
0x00007ffee7af2470:   00007ffee7af24c8 00007ffee7af2490
0x00007ffee7af2480:   00007ffee7af24b0 00007fff66c4a292
0x00007ffee7af2490:   0000000000000300 00007ffadb131420
0x00007ffee7af24a0:   00007ffadb131420 00007ffacb56a910
0x00007ffee7af24b0:   00007ffacb533290 00007ffacb533290
0x00007ffee7af24c0:   00007ffee7af24f0 000000012371029d
0x00007ffee7af24d0:   00007fff66c2ee80 00007fff66c2ee80
0x00007ffee7af24e0:   00007fff66c2ee80 0000000000000001
0x00007ffee7af24f0:   00007ffee7af25a0 00007fff3d504d9d
0x00007ffee7af2500:   00007fff3e1a73d8 00007ffacb533290
0x00007ffee7af2510:   00007fff3e1a00a7 00007fff3e1a82c5
0x00007ffee7af2520:   00007fff9a1bb178 00007fff3e19ed04
0x00007ffee7af2530:   00007fff3e19e9da 0000000000000010
0x00007ffee7af2540:   00007fff3e19e1ca 00007fff3e1ae3b2
0x00007ffee7af2550:   00007fff3e19e058 00007fff3e19e9f4
0x00007ffee7af2560:   00007fff3e19ea20 0000000000000062
0x00007ffee7af2570:   00007fff3e19eafe 00007ffacb533290
0x00007ffee7af2580:   00007ffacb40f030 00007fff9a1bb178
0x00007ffee7af2590:   0000000123716810 0000000123716830
0x00007ffee7af25a0:   00007ffee7af25d0 000000012371014d
0x00007ffee7af25b0:   0000000000000000 00007ffacb46ea00
0x00007ffee7af25c0:   00007ffacb533290 0000000000000000
0x00007ffee7af25d0:   00007ffee7af2610 000000012369cedf
0x00007ffee7af25e0:   00007ffacb61ab60 0000000000000001
0x00007ffee7af25f0:   00007ffacb40e360 00007fff3e19e058 

Instructions: (pc=0x00007fff3feb5e9d)
0x00007fff3feb5e7d:   39 c8 75 08 5d e9 09 fe 14 00 5d c3 5d e9 d7 62
0x00007fff3feb5e8d:   1e 00 48 8d 05 0a e2 3c 00 48 89 05 7b 18 40 5a
0x00007fff3feb5e9d:   0f 0b 90 55 48 89 e5 41 57 41 56 41 55 41 54 53
0x00007fff3feb5ead:   48 83 ec 58 49 89 c8 48 89 d3 48 89 7d c8 48 85 

Register to memory mapping:

RAX=0x00007fff402840a0: _XMLPlistAppendDataUsingBase64.__CFPLDataEncodeTable+0x1a00 in /System/Library/Frameworks/CoreFoundation.framework/Versions/A/CoreFoundation at 0x00007fff3fea8000
RBX=0x00007ffabe1b0a50 is an unknown value
RCX=0x000000000021e000 is an unknown value
RDX=0x000000000021e000 is an unknown value
RSP=0x00007ffee7af2400 is pointing into the stack for thread: 0x00007ffacc37f000
RBP=0x00007ffee7af2400 is pointing into the stack for thread: 0x00007ffacc37f000
RSI=0x00007fff3e1ae3ac: .str.41.llvm.371263A9+0x4a636 in /System/Library/Frameworks/AppKit.framework/Versions/C/AppKit at 0x00007fff3d4ce000
RDI=0x0000000000000000 is an unknown value
R8 =0x00000000000003ff is an unknown value
R9 =0x00007ffadb131420 is an unknown value
R10=0x00007fff99c0b1b8: OBJC_CLASS_$_NSEvent+0 in /System/Library/Frameworks/AppKit.framework/Versions/C/AppKit at 0x00007fff3d4ce000
R11=0x00007ffacd0af0c0 is an unknown value
R12=0x00007ffadb131420 is an unknown value
R13=0x00007ffacb56a910 is an unknown value
R14=0x00007ffacb533290 is an unknown value
R15=0x00007ffacb533290 is an unknown value


Stack: [0x00007ffee72f6000,0x00007ffee7af6000],  sp=0x00007ffee7af2400,  free space=8177k
Native frames: (J=compiled Java code, j=interpreted, Vv=VM code, C=native code)
C  [CoreFoundation+0xde9d]  CFRelease+0x6d
C  [libawt_lwawt.dylib+0x17ea1]  __Java_sun_lwawt_macosx_CFRetainedResource_nativeCFRelease_block_invoke_1+0x5b
C  [libosxapp.dylib+0x229d]  -[NSApplicationAWT sendEvent:]+0xeb
C  [AppKit+0x36d9d]  -[NSApplication run]+0x32c
C  [libosxapp.dylib+0x214d]  +[NSApplicationAWT runAWTLoopWithApp:]+0x9c
C  [libawt_lwawt.dylib+0x45edf]  -[AWTStarter starter:]+0x389
C  [Foundation+0x68125]  __NSThreadPerformPerform+0x14e
C  [CoreFoundation+0xa35a1]  __CFRUNLOOP_IS_CALLING_OUT_TO_A_SOURCE0_PERFORM_FUNCTION__+0x11
C  [CoreFoundation+0x15d35c]  __CFRunLoopDoSource0+0x6c
C  [CoreFoundation+0x86040]  __CFRunLoopDoSources0+0xd0
C  [CoreFoundation+0x854bd]  __CFRunLoopRun+0x50d
C  [CoreFoundation+0x84d23]  CFRunLoopRunSpecific+0x1e3
C  [java+0x6465]  CreateExecutionEnvironment+0x367
C  [java+0x218c]  JLI_Launch+0x7a0
C  [java+0x84c2]  main+0x65
C  [java+0x19e4]  start+0x34
C  0x000000000000001a


---------------  P R O C E S S  ---------------

Java Threads: ( => current thread )
  0x00007ffacd78a000 JavaThread "Thread-84" [_thread_blocked, id=98327, stack(0x000070001319c000,0x000070001329c000)]
  0x00007ffad63a5000 JavaThread "pool-9-thread-55" [_thread_blocked, id=125611, stack(0x0000700013099000,0x0000700013199000)]
  0x00007ffacd420000 JavaThread "pool-9-thread-54" [_thread_blocked, id=126223, stack(0x0000700012d90000,0x0000700012e90000)]
  0x00007ffaccc3e800 JavaThread "pool-9-thread-53" [_thread_blocked, id=91479, stack(0x0000700012c8d000,0x0000700012d8d000)]
  0x00007ffad7c5e000 JavaThread "Thread-83" [_thread_blocked, id=96599, stack(0x0000700012a87000,0x0000700012b87000)]
  0x00007ffad7ec5000 JavaThread "pool-8-thread-61" [_thread_blocked, id=88659, stack(0x0000700012984000,0x0000700012a84000)]
  0x00007ffad5224000 JavaThread "pool-8-thread-60" [_thread_blocked, id=87883, stack(0x000070001277e000,0x000070001287e000)]
  0x00007ffad56e1000 JavaThread "pool-8-thread-59" [_thread_blocked, id=24635, stack(0x0000700011a57000,0x0000700011b57000)]
  0x00007ffad8cd8000 JavaThread "ApplicationImpl pooled thread 70" daemon [_thread_blocked, id=71543, stack(0x00007000117cb000,0x00007000118cb000)]
  0x00007ffacd2de800 JavaThread "ApplicationImpl pooled thread 69" daemon [_thread_blocked, id=121371, stack(0x000070001267b000,0x000070001277b000)]
  0x00007ffad6688800 JavaThread "ApplicationImpl pooled thread 68" daemon [_thread_blocked, id=61751, stack(0x0000700012578000,0x0000700012678000)]
  0x00007ffabcb98000 JavaThread "ApplicationImpl pooled thread 67" daemon [_thread_blocked, id=56227, stack(0x0000700012475000,0x0000700012575000)]
  0x00007ffad8de0800 JavaThread "ApplicationImpl pooled thread 66" daemon [_thread_blocked, id=121759, stack(0x000070001226f000,0x000070001236f000)]
  0x00007ffad1caf000 JavaThread "Process I/O pool 66" daemon [_thread_blocked, id=69267, stack(0x0000700012069000,0x0000700012169000)]
  0x00007ffad4f3f000 JavaThread "Process I/O pool 65" daemon [_thread_blocked, id=122959, stack(0x0000700011f66000,0x0000700012066000)]
  0x00007ffad6687000 JavaThread "Process I/O pool 64" daemon [_thread_blocked, id=93267, stack(0x0000700011b5a000,0x0000700011c5a000)]
  0x00007ffad675d000 JavaThread "process reaper" daemon [_thread_blocked, id=97351, stack(0x0000700010aa4000,0x0000700010acc000)]
  0x00007ffad62bc800 JavaThread "ApplicationImpl pooled thread 65" daemon [_thread_blocked, id=97859, stack(0x0000700011e63000,0x0000700011f63000)]
  0x00007ffad669a800 JavaThread "ApplicationImpl pooled thread 64" daemon [_thread_blocked, id=88147, stack(0x0000700012372000,0x0000700012472000)]
  0x00007ffad4b92000 JavaThread "ApplicationImpl pooled thread 63" daemon [_thread_blocked, id=95887, stack(0x0000700011d60000,0x0000700011e60000)]
  0x00007ffabcdc3000 JavaThread "Process I/O pool 63" daemon [_thread_blocked, id=98563, stack(0x0000700012b8a000,0x0000700012c8a000)]
  0x00007ffacc56d800 JavaThread "Process I/O pool 61" daemon [_thread_blocked, id=125035, stack(0x0000700011c5d000,0x0000700011d5d000)]
  0x00007ffad2453800 JavaThread "process reaper" daemon [_thread_blocked, id=127443, stack(0x0000700010acf000,0x0000700010af7000)]
  0x00007ffacc6e2800 JavaThread "ApplicationImpl pooled thread 61" daemon [_thread_blocked, id=94507, stack(0x0000700012f96000,0x0000700013096000)]
  0x00007ffabd364800 JavaThread "ApplicationImpl pooled thread 60" daemon [_thread_blocked, id=33835, stack(0x0000700012e93000,0x0000700012f93000)]
  0x00007ffabdba0800 JavaThread "ApplicationImpl pooled thread 54" daemon [_thread_blocked, id=64563, stack(0x0000700012881000,0x0000700012981000)]
  0x00007ffacc34c800 JavaThread "Process I/O pool 58" daemon [_thread_blocked, id=90987, stack(0x000070001216c000,0x000070001226c000)]
  0x00007ffacc267000 JavaThread "ChangesManager command queue" daemon [_thread_blocked, id=124219, stack(0x00007000115c5000,0x00007000116c5000)]
  0x00007ffacc2b4800 JavaThread "Highlighter" [_thread_blocked, id=67751, stack(0x00007000101d8000,0x00007000102d8000)]
  0x00007ffad12fe000 JavaThread "ChangesManager command queue" daemon [_thread_blocked, id=25367, stack(0x00007000112bc000,0x00007000113bc000)]
  0x00007ffabd470800 JavaThread "GC Daemon" daemon [_thread_blocked, id=93643, stack(0x00007000111b9000,0x00007000112b9000)]
  0x00007ffacc30e000 JavaThread "RMI Reaper" [_thread_blocked, id=56891, stack(0x0000700010873000,0x0000700010973000)]
  0x00007ffad0d0b800 JavaThread "Highlighter" [_thread_blocked, id=128267, stack(0x000070001066d000,0x000070001076d000)]
  0x00007ffad7e78000 JavaThread "MPS EDT Executor Thread-1" daemon [_thread_blocked, id=64031, stack(0x0000700011954000,0x0000700011a54000)]
  0x00007ffad2307000 JavaThread "RMI TCP Accept-0" daemon [_thread_in_native, id=3695, stack(0x000070000ffcf000,0x00007000100cf000)]
  0x00007ffad5118000 JavaThread "TimerQueue" daemon [_thread_blocked, id=62515, stack(0x00007000114c2000,0x00007000115c2000)]
  0x00007ffad2139800 JavaThread "MPS interrupting thread" [_thread_blocked, id=61187, stack(0x00007000110b6000,0x00007000111b6000)]
  0x00007ffad0c2f800 JavaThread "BaseDataReader: error stream of fsnotifier" [_thread_in_native, id=70659, stack(0x0000700010fb3000,0x00007000110b3000)]
  0x00007ffad2139000 JavaThread "BaseDataReader: output stream of fsnotifier" [_thread_in_native, id=70923, stack(0x0000700010eb0000,0x0000700010fb0000)]
  0x00007ffad4a74800 JavaThread "ProcessWaitFor: fsnotifier" [_thread_blocked, id=72771, stack(0x0000700010dad000,0x0000700010ead000)]
  0x00007ffacc3c5800 JavaThread "AWT-EventQueue-0 2017.3#__BUILD_NUMBER__ MPS, eap:false, os:Mac OS X 10.13.2, java-version:Oracle Corporation 1.8.0_144-b01" [_thread_in_Java, id=58395, stack(0x0000700010caa000,0x0000700010daa000)]
  0x00007ffacc1dc800 JavaThread "Timer-0" daemon [_thread_blocked, id=57111, stack(0x0000700010ba7000,0x0000700010ca7000)]
  0x00007ffad18f2000 JavaThread "AWT-Shutdown" [_thread_blocked, id=75175, stack(0x0000700010976000,0x0000700010a76000)]
  0x00007ffacc94c800 JavaThread "process reaper" daemon [_thread_in_native, id=56323, stack(0x0000700010a79000,0x0000700010aa1000)]
  0x00007ffad1203800 JavaThread "Periodic tasks thread" daemon [_thread_blocked, id=55811, stack(0x0000700010770000,0x0000700010870000)]
  0x00007ffacd40d000 JavaThread "Netty Builtin Server 1" [_thread_in_native, id=27955, stack(0x00007000100d5000,0x00007000101d5000)]
  0x00007ffacc804800 JavaThread "DestroyJavaVM" [_thread_blocked, id=9731, stack(0x000070000ec96000,0x000070000ed96000)]
  0x00007ffacbbe2800 JavaThread "Java2D Disposer" daemon [_thread_blocked, id=54555, stack(0x000070001056a000,0x000070001066a000)]
  0x00007ffaccb4c800 JavaThread "Java2D Queue Flusher" daemon [_thread_blocked, id=47743, stack(0x0000700010467000,0x0000700010567000)]
=>0x00007ffacc37f000 JavaThread "AWT-AppKit" daemon [_thread_in_native, id=775, stack(0x00007ffee72f6000,0x00007ffee7af6000)]
  0x00007ffacd016800 JavaThread "Service Thread" daemon [_thread_blocked, id=15875, stack(0x000070000fdc9000,0x000070000fec9000)]
  0x00007ffacb8c2000 JavaThread "C1 CompilerThread2" daemon [_thread_blocked, id=16899, stack(0x000070000fcc6000,0x000070000fdc6000)]
  0x00007ffacc898000 JavaThread "C2 CompilerThread1" daemon [_thread_blocked, id=17411, stack(0x000070000fbc3000,0x000070000fcc3000)]
  0x00007ffacc89d800 JavaThread "C2 CompilerThread0" daemon [_thread_blocked, id=15107, stack(0x000070000fac0000,0x000070000fbc0000)]
  0x00007ffacb8c1000 JavaThread "Monitor Ctrl-Break" daemon [_thread_in_native, id=14851, stack(0x000070000f9bd000,0x000070000fabd000)]
  0x00007ffacd015800 JavaThread "JDWP Event Helper Thread" daemon [_thread_blocked, id=17923, stack(0x000070000f8ba000,0x000070000f9ba000)]
  0x00007ffacb81e800 JavaThread "JDWP Transport Listener: dt_socket" daemon [_thread_in_native, id=14087, stack(0x000070000f7b7000,0x000070000f8b7000)]
  0x00007ffacc873000 JavaThread "Signal Dispatcher" daemon [_thread_blocked, id=18179, stack(0x000070000f6b4000,0x000070000f7b4000)]
  0x00007ffacc88a800 JavaThread "Surrogate Locker Thread (Concurrent GC)" daemon [_thread_blocked, id=19983, stack(0x000070000f5b1000,0x000070000f6b1000)]
  0x00007ffacc883000 JavaThread "Finalizer" daemon [_thread_blocked, id=20483, stack(0x000070000f4ae000,0x000070000f5ae000)]
  0x00007ffacc882800 JavaThread "Reference Handler" daemon [_thread_blocked, id=20739, stack(0x000070000f3ab000,0x000070000f4ab000)]

Other Threads:
  0x00007ffacc018000 VMThread [stack: 0x000070000f2a8000,0x000070000f3a8000] [id=11523]
  0x00007ffacb8c4000 WatcherThread [stack: 0x000070000fecc000,0x000070000ffcc000] [id=16131]

VM state:not at safepoint (normal execution)

VM Mutex/Monitor currently owned by a thread: None

Heap:
 par new generation   total 353920K, used 173164K [0x00000006c0000000, 0x00000006d8000000, 0x00000006d8000000)
  eden space 314624K,  46% used [0x00000006c0000000, 0x00000006c8dad670, 0x00000006d3340000)
  from space 39296K,  71% used [0x00000006d3340000, 0x00000006d4eadba0, 0x00000006d59a0000)
  to   space 39296K,   0% used [0x00000006d59a0000, 0x00000006d59a0000, 0x00000006d8000000)
 concurrent mark-sweep generation total 684920K, used 569438K [0x00000006d8000000, 0x0000000701cde000, 0x00000007c0000000)
 Metaspace       used 321978K, capacity 367199K, committed 367520K, reserved 1368064K
  class space    used 39328K, capacity 49317K, committed 49428K, reserved 1048576K

Card table byte_map: [0x000000011919f000,0x00000001199a0000] byte_map_base: 0x0000000115b9f000

Marking Bits: (CMSBitMap*) 0x00007ffacc010f48
 Bits: [0x000000011a1e1000, 0x000000011dbe1000)

Mod Union Table: (CMSBitMap*) 0x00007ffacc011008
 Bits: [0x000000011dbe2000, 0x000000011dcca000)

Polling page: 0x000000010912d000

CodeCache: size=245760Kb used=154624Kb max_used=155099Kb free=91135Kb
 bounds [0x0000000109ddf000, 0x00000001136df000, 0x0000000118ddf000]
 total_blobs=34914 nmethods=33927 adapters=901
 compilation: enabled

Compilation events (10 events):
Event: 1931.559 Thread 0x00007ffacc898000 nmethod 52225 0x00000001103b7710 code [0x00000001103b78e0, 0x00000001103b7fc8]
Event: 1931.644 Thread 0x00007ffacc898000 52226       4       java.util.LinkedList::checkPositionIndex (22 bytes)
Event: 1931.647 Thread 0x00007ffacc898000 nmethod 52226 0x00000001103b7450 code [0x00000001103b75a0, 0x00000001103b7638]
Event: 1932.286 Thread 0x00007ffacb8c2000 52227       1       java.awt.MenuComponent::getTreeLock (4 bytes)
Event: 1932.287 Thread 0x00007ffacb8c2000 nmethod 52227 0x000000010a361cd0 code [0x000000010a361e20, 0x000000010a361f30]
Event: 1932.441 Thread 0x00007ffacb8c2000 52228       1       com.intellij.openapi.command.impl.UndoManagerImpl::getProject (5 bytes)
Event: 1932.442 Thread 0x00007ffacb8c2000 nmethod 52228 0x000000010a361990 code [0x000000010a361ae0, 0x000000010a361bf0]
Event: 1932.442 Thread 0x00007ffacb8c2000 52229       1       com.intellij.openapi.command.impl.UndoableGroup::isGlobal (5 bytes)
Event: 1932.442 Thread 0x00007ffacb8c2000 nmethod 52229 0x000000010e80fe50 code [0x000000010e80ffa0, 0x000000010e8100b0]
Event: 1932.502 Thread 0x00007ffacc89d800 nmethod 52210 0x00000001136b5450 code [0x00000001136b63a0, 0x00000001136c7208]

GC Heap History (10 events):
Event: 1765.740 GC heap before
{Heap before GC invocations=217 (full 18):
 par new generation   total 353920K, used 334695K [0x00000006c0000000, 0x00000006d8000000, 0x00000006d8000000)
  eden space 314624K, 100% used [0x00000006c0000000, 0x00000006d3340000, 0x00000006d3340000)
  from space 39296K,  51% used [0x00000006d59a0000, 0x00000006d6d39e28, 0x00000006d8000000)
  to   space 39296K,   0% used [0x00000006d3340000, 0x00000006d3340000, 0x00000006d59a0000)
 concurrent mark-sweep generation total 684920K, used 566254K [0x00000006d8000000, 0x0000000701cde000, 0x00000007c0000000)
 Metaspace       used 321154K, capacity 366365K, committed 366496K, reserved 1366016K
  class space    used 39176K, capacity 49163K, committed 49172K, reserved 1048576K
Event: 1765.820 GC heap after
Heap after GC invocations=218 (full 18):
 par new generation   total 353920K, used 18752K [0x00000006c0000000, 0x00000006d8000000, 0x00000006d8000000)
  eden space 314624K,   0% used [0x00000006c0000000, 0x00000006c0000000, 0x00000006d3340000)
  from space 39296K,  47% used [0x00000006d3340000, 0x00000006d4590240, 0x00000006d59a0000)
  to   space 39296K,   0% used [0x00000006d59a0000, 0x00000006d59a0000, 0x00000006d8000000)
 concurrent mark-sweep generation total 684920K, used 566937K [0x00000006d8000000, 0x0000000701cde000, 0x00000007c0000000)
 Metaspace       used 321154K, capacity 366365K, committed 366496K, reserved 1366016K
  class space    used 39176K, capacity 49163K, committed 49172K, reserved 1048576K
}
Event: 1789.042 GC heap before
{Heap before GC invocations=218 (full 18):
 par new generation   total 353920K, used 333376K [0x00000006c0000000, 0x00000006d8000000, 0x00000006d8000000)
  eden space 314624K, 100% used [0x00000006c0000000, 0x00000006d3340000, 0x00000006d3340000)
  from space 39296K,  47% used [0x00000006d3340000, 0x00000006d4590240, 0x00000006d59a0000)
  to   space 39296K,   0% used [0x00000006d59a0000, 0x00000006d59a0000, 0x00000006d8000000)
 concurrent mark-sweep generation total 684920K, used 566937K [0x00000006d8000000, 0x0000000701cde000, 0x00000007c0000000)
 Metaspace       used 321205K, capacity 366397K, committed 366496K, reserved 1366016K
  class space    used 39179K, capacity 49168K, committed 49172K, reserved 1048576K
Event: 1789.109 GC heap after
Heap after GC invocations=219 (full 18):
 par new generation   total 353920K, used 23004K [0x00000006c0000000, 0x00000006d8000000, 0x00000006d8000000)
  eden space 314624K,   0% used [0x00000006c0000000, 0x00000006c0000000, 0x00000006d3340000)
  from space 39296K,  58% used [0x00000006d59a0000, 0x00000006d70173f8, 0x00000006d8000000)
  to   space 39296K,   0% used [0x00000006d3340000, 0x00000006d3340000, 0x00000006d59a0000)
 concurrent mark-sweep generation total 684920K, used 567007K [0x00000006d8000000, 0x0000000701cde000, 0x00000007c0000000)
 Metaspace       used 321205K, capacity 366397K, committed 366496K, reserved 1366016K
  class space    used 39179K, capacity 49168K, committed 49172K, reserved 1048576K
}
Event: 1828.749 GC heap before
{Heap before GC invocations=219 (full 18):
 par new generation   total 353920K, used 337628K [0x00000006c0000000, 0x00000006d8000000, 0x00000006d8000000)
  eden space 314624K, 100% used [0x00000006c0000000, 0x00000006d3340000, 0x00000006d3340000)
  from space 39296K,  58% used [0x00000006d59a0000, 0x00000006d70173f8, 0x00000006d8000000)
  to   space 39296K,   0% used [0x00000006d3340000, 0x00000006d3340000, 0x00000006d59a0000)
 concurrent mark-sweep generation total 684920K, used 567007K [0x00000006d8000000, 0x0000000701cde000, 0x00000007c0000000)
 Metaspace       used 321345K, capacity 366565K, committed 366880K, reserved 1368064K
  class space    used 39204K, capacity 49204K, committed 49300K, reserved 1048576K
Event: 1829.118 GC heap after
Heap after GC invocations=220 (full 18):
 par new generation   total 353920K, used 26590K [0x00000006c0000000, 0x00000006d8000000, 0x00000006d8000000)
  eden space 314624K,   0% used [0x00000006c0000000, 0x00000006c0000000, 0x00000006d3340000)
  from space 39296K,  67% used [0x00000006d3340000, 0x00000006d4d37a20, 0x00000006d59a0000)
  to   space 39296K,   0% used [0x00000006d59a0000, 0x00000006d59a0000, 0x00000006d8000000)
 concurrent mark-sweep generation total 684920K, used 567633K [0x00000006d8000000, 0x0000000701cde000, 0x00000007c0000000)
 Metaspace       used 321345K, capacity 366565K, committed 366880K, reserved 1368064K
  class space    used 39204K, capacity 49204K, committed 49300K, reserved 1048576K
}
Event: 1909.971 GC heap before
{Heap before GC invocations=220 (full 18):
 par new generation   total 353920K, used 341214K [0x00000006c0000000, 0x00000006d8000000, 0x00000006d8000000)
  eden space 314624K, 100% used [0x00000006c0000000, 0x00000006d3340000, 0x00000006d3340000)
  from space 39296K,  67% used [0x00000006d3340000, 0x00000006d4d37a20, 0x00000006d59a0000)
  to   space 39296K,   0% used [0x00000006d59a0000, 0x00000006d59a0000, 0x00000006d8000000)
 concurrent mark-sweep generation total 684920K, used 567633K [0x00000006d8000000, 0x0000000701cde000, 0x00000007c0000000)
 Metaspace       used 321968K, capacity 367199K, committed 367520K, reserved 1368064K
  class space    used 39328K, capacity 49317K, committed 49428K, reserved 1048576K
Event: 1910.321 GC heap after
Heap after GC invocations=221 (full 18):
 par new generation   total 353920K, used 21883K [0x00000006c0000000, 0x00000006d8000000, 0x00000006d8000000)
  eden space 314624K,   0% used [0x00000006c0000000, 0x00000006c0000000, 0x00000006d3340000)
  from space 39296K,  55% used [0x00000006d59a0000, 0x00000006d6efef50, 0x00000006d8000000)
  to   space 39296K,   0% used [0x00000006d3340000, 0x00000006d3340000, 0x00000006d59a0000)
 concurrent mark-sweep generation total 684920K, used 569092K [0x00000006d8000000, 0x0000000701cde000, 0x00000007c0000000)
 Metaspace       used 321968K, capacity 367199K, committed 367520K, reserved 1368064K
  class space    used 39328K, capacity 49317K, committed 49428K, reserved 1048576K
}
Event: 1928.512 GC heap before
{Heap before GC invocations=221 (full 18):
 par new generation   total 353920K, used 336507K [0x00000006c0000000, 0x00000006d8000000, 0x00000006d8000000)
  eden space 314624K, 100% used [0x00000006c0000000, 0x00000006d3340000, 0x00000006d3340000)
  from space 39296K,  55% used [0x00000006d59a0000, 0x00000006d6efef50, 0x00000006d8000000)
  to   space 39296K,   0% used [0x00000006d3340000, 0x00000006d3340000, 0x00000006d59a0000)
 concurrent mark-sweep generation total 684920K, used 569092K [0x00000006d8000000, 0x0000000701cde000, 0x00000007c0000000)
 Metaspace       used 321977K, capacity 367199K, committed 367520K, reserved 1368064K
  class space    used 39328K, capacity 49317K, committed 49428K, reserved 1048576K
Event: 1929.005 GC heap after
Heap after GC invocations=222 (full 18):
 par new generation   total 353920K, used 28086K [0x00000006c0000000, 0x00000006d8000000, 0x00000006d8000000)
  eden space 314624K,   0% used [0x00000006c0000000, 0x00000006c0000000, 0x00000006d3340000)
  from space 39296K,  71% used [0x00000006d3340000, 0x00000006d4eadba0, 0x00000006d59a0000)
  to   space 39296K,   0% used [0x00000006d59a0000, 0x00000006d59a0000, 0x00000006d8000000)
 concurrent mark-sweep generation total 684920K, used 569438K [0x00000006d8000000, 0x0000000701cde000, 0x00000007c0000000)
 Metaspace       used 321977K, capacity 367199K, committed 367520K, reserved 1368064K
  class space    used 39328K, capacity 49317K, committed 49428K, reserved 1048576K
}

Deoptimization events (10 events):
Event: 1911.772 Thread 0x00007ffaccc43800 Uncommon trap: reason=class_check action=maybe_recompile pc=0x00000001101805c8 method=com.intellij.util.indexing.ProjectFilesCondition.value(Ljava/lang/Object;)Z @ 2
Event: 1911.772 Thread 0x00007ffacd475800 Uncommon trap: reason=class_check action=maybe_recompile pc=0x000000010f1fe72c method=com.intellij.util.indexing.ProjectFilesCondition.value(Lcom/intellij/openapi/vfs/VirtualFile;)Z @ 1
Event: 1911.772 Thread 0x00007ffacd78a000 Uncommon trap: reason=class_check action=maybe_recompile pc=0x000000010f1fe72c method=com.intellij.util.indexing.ProjectFilesCondition.value(Lcom/intellij/openapi/vfs/VirtualFile;)Z @ 1
Event: 1911.774 Thread 0x00007ffacd78a000 Uncommon trap: reason=bimorphic action=maybe_recompile pc=0x000000010edb31b0 method=com.intellij.util.indexing.FileBasedIndexImpl.getIdMaskingNonIdBasedFile(Lcom/intellij/openapi/vfs/VirtualFile;)I @ 20
Event: 1911.774 Thread 0x00007ffacd78a000 Uncommon trap: reason=bimorphic action=maybe_recompile pc=0x000000010edb31b0 method=com.intellij.util.indexing.FileBasedIndexImpl.getIdMaskingNonIdBasedFile(Lcom/intellij/openapi/vfs/VirtualFile;)I @ 20
Event: 1911.777 Thread 0x00007ffacd293000 Uncommon trap: reason=class_check action=maybe_recompile pc=0x0000000112ef9064 method=com.intellij.util.indexing.impl.MapInputDataDiffBuilder.differentiate(Ljava/util/Map;Lcom/intellij/util/indexing/impl/KeyValueUpdateProcessor;Lcom/intellij/util/indexing
Event: 1911.786 Thread 0x00007ffacd78a000 Uncommon trap: reason=class_check action=maybe_recompile pc=0x0000000112ef9064 method=com.intellij.util.indexing.impl.MapInputDataDiffBuilder.differentiate(Ljava/util/Map;Lcom/intellij/util/indexing/impl/KeyValueUpdateProcessor;Lcom/intellij/util/indexing
Event: 1911.786 Thread 0x00007ffacd293000 Uncommon trap: reason=class_check action=maybe_recompile pc=0x0000000112ef9064 method=com.intellij.util.indexing.impl.MapInputDataDiffBuilder.differentiate(Ljava/util/Map;Lcom/intellij/util/indexing/impl/KeyValueUpdateProcessor;Lcom/intellij/util/indexing
Event: 1911.786 Thread 0x00007ffacd78a000 Uncommon trap: reason=class_check action=maybe_recompile pc=0x0000000112ef9064 method=com.intellij.util.indexing.impl.MapInputDataDiffBuilder.differentiate(Ljava/util/Map;Lcom/intellij/util/indexing/impl/KeyValueUpdateProcessor;Lcom/intellij/util/indexing
Event: 1926.861 Thread 0x00007ffabdba0800 Uncommon trap: reason=unstable_if action=reinterpret pc=0x000000010e10fcfc method=com.intellij.util.containers.ConcurrentLongObjectHashMap.get(J)Ljava/lang/Object; @ 116

Internal exceptions (10 events):
Event: 1876.323 Thread 0x00007ffad5224000 Exception <a 'java/io/FileNotFoundException'> (0x00000006c6536ec8) thrown at [/Users/java_re/workspace/8-2-build-macosx-x86_64/jdk8u144/9417/hotspot/src/share/vm/prims/jni.cpp, line 709]
Event: 1877.511 Thread 0x00007ffad5224000 Exception <a 'java/io/FileNotFoundException'> (0x00000006c6537690) thrown at [/Users/java_re/workspace/8-2-build-macosx-x86_64/jdk8u144/9417/hotspot/src/share/vm/prims/jni.cpp, line 709]
Event: 1902.997 Thread 0x00007ffacc3c5800 Implicit null exception at 0x000000010e7aa210 to 0x000000010e7aa89d
Event: 1903.074 Thread 0x00007ffacc3c5800 Implicit null exception at 0x00000001134c7a18 to 0x00000001134d1b05
Event: 1903.158 Thread 0x00007ffacc3c5800 Implicit null exception at 0x000000010a5dfab3 to 0x000000010a5dfb99
Event: 1908.725 Thread 0x00007ffacc3c5800 Implicit null exception at 0x000000010dd0e494 to 0x000000010dd11315
Event: 1910.324 Thread 0x00007ffacc883000 Implicit null exception at 0x000000010d17af74 to 0x000000010d17b16e
Event: 1910.324 Thread 0x00007ffacc883000 Exception <a 'java/lang/NullPointerException'> (0x00000006c00f8588) thrown at [/Users/java_re/workspace/8-2-build-macosx-x86_64/jdk8u144/9417/hotspot/src/share/vm/runtime/sharedRuntime.cpp, line 605]
Event: 1913.075 Thread 0x00007ffacc3c5800 Exception <a 'sun/nio/fs/UnixException'> (0x00000006c4ae1060) thrown at [/Users/java_re/workspace/8-2-build-macosx-x86_64/jdk8u144/9417/hotspot/src/share/vm/prims/jni.cpp, line 709]
Event: 1931.498 Thread 0x00007ffacc3c5800 Exception <a 'sun/nio/fs/UnixException'> (0x00000006c81b6608) thrown at [/Users/java_re/workspace/8-2-build-macosx-x86_64/jdk8u144/9417/hotspot/src/share/vm/prims/jni.cpp, line 709]

Events (10 events):
Event: 1931.499 Thread 0x00007ffacc3c5800 DEOPT UNPACKING pc=0x0000000109e26633 sp=0x0000700010da6ad8 mode 1
Event: 1931.499 Thread 0x00007ffacc3c5800 DEOPT PACKING pc=0x000000010ea795fc sp=0x0000700010da6df0
Event: 1931.499 Thread 0x00007ffacc3c5800 DEOPT UNPACKING pc=0x0000000109e26633 sp=0x0000700010da6b70 mode 1
Event: 1931.499 Thread 0x00007ffacc3c5800 DEOPT PACKING pc=0x000000010b9e6074 sp=0x0000700010da7160
Event: 1931.499 Thread 0x00007ffacc3c5800 DEOPT UNPACKING pc=0x0000000109e26633 sp=0x0000700010da6e70 mode 1
Event: 1931.530 Executing VM operation: RevokeBias
Event: 1931.534 Executing VM operation: RevokeBias done
Event: 1931.611 Executing VM operation: RevokeBias
Event: 1931.631 Executing VM operation: RevokeBias done
Event: 1932.444 Thread 0x00007ffad1a80800 Thread exited: 0x00007ffad1a80800


Dynamic libraries:
0x0000000018500000 	/System/Library/Frameworks/Cocoa.framework/Versions/A/Cocoa
0x0000000018500000 	/System/Library/Frameworks/Security.framework/Versions/A/Security
0x0000000018500000 	/System/Library/Frameworks/ApplicationServices.framework/Versions/A/ApplicationServices
0x0000000018500000 	/usr/lib/libz.1.dylib
0x0000000018500000 	/usr/lib/libSystem.B.dylib
0x0000000018500000 	/usr/lib/libobjc.A.dylib
0x0000000018500000 	/System/Library/Frameworks/CoreFoundation.framework/Versions/A/CoreFoundation
0x0000000018500000 	/System/Library/Frameworks/Foundation.framework/Versions/C/Foundation
0x0000000018500000 	/System/Library/Frameworks/AppKit.framework/Versions/C/AppKit
0x0000000018500000 	/System/Library/Frameworks/CoreData.framework/Versions/A/CoreData
0x0000000018500000 	/System/Library/PrivateFrameworks/RemoteViewServices.framework/Versions/A/RemoteViewServices
0x0000000018500000 	/System/Library/PrivateFrameworks/UIFoundation.framework/Versions/A/UIFoundation
0x0000000018500000 	/System/Library/PrivateFrameworks/DFRFoundation.framework/Versions/A/DFRFoundation
0x0000000018500000 	/System/Library/Frameworks/Metal.framework/Versions/A/Metal
0x0000000018500000 	/System/Library/PrivateFrameworks/DesktopServicesPriv.framework/Versions/A/DesktopServicesPriv
0x0000000018500000 	/usr/lib/libenergytrace.dylib
0x0000000018500000 	/System/Library/PrivateFrameworks/SkyLight.framework/Versions/A/SkyLight
0x0000000018500000 	/System/Library/Frameworks/CoreGraphics.framework/Versions/A/CoreGraphics
0x0000000018500000 	/usr/lib/libScreenReader.dylib
0x0000000018500000 	/System/Library/Frameworks/Accelerate.framework/Versions/A/Accelerate
0x0000000018500000 	/System/Library/Frameworks/IOSurface.framework/Versions/A/IOSurface
0x0000000018500000 	/System/Library/Frameworks/AudioToolbox.framework/Versions/A/AudioToolbox
0x0000000018500000 	/System/Library/Frameworks/AudioUnit.framework/Versions/A/AudioUnit
0x0000000018500000 	/System/Library/PrivateFrameworks/DataDetectorsCore.framework/Versions/A/DataDetectorsCore
0x0000000018500000 	/System/Library/Frameworks/Carbon.framework/Versions/A/Frameworks/HIToolbox.framework/Versions/A/HIToolbox
0x0000000018500000 	/usr/lib/libicucore.A.dylib
0x0000000018500000 	/System/Library/Frameworks/QuartzCore.framework/Versions/A/QuartzCore
0x0000000018500000 	/System/Library/Frameworks/Carbon.framework/Versions/A/Frameworks/SpeechRecognition.framework/Versions/A/SpeechRecognition
0x0000000018500000 	/usr/lib/libauto.dylib
0x0000000018500000 	/usr/lib/libxml2.2.dylib
0x0000000018500000 	/System/Library/PrivateFrameworks/CoreUI.framework/Versions/A/CoreUI
0x0000000018500000 	/System/Library/Frameworks/CoreAudio.framework/Versions/A/CoreAudio
0x0000000018500000 	/System/Library/Frameworks/DiskArbitration.framework/Versions/A/DiskArbitration
0x0000000018500000 	/usr/lib/liblangid.dylib
0x0000000018500000 	/System/Library/PrivateFrameworks/MultitouchSupport.framework/Versions/A/MultitouchSupport
0x0000000018500000 	/System/Library/Frameworks/IOKit.framework/Versions/A/IOKit
0x0000000018500000 	/usr/lib/libDiagnosticMessagesClient.dylib
0x0000000018500000 	/System/Library/Frameworks/CoreServices.framework/Versions/A/CoreServices
0x0000000018500000 	/System/Library/PrivateFrameworks/PerformanceAnalysis.framework/Versions/A/PerformanceAnalysis
0x0000000018500000 	/System/Library/Frameworks/OpenGL.framework/Versions/A/OpenGL
0x0000000018500000 	/System/Library/Frameworks/ColorSync.framework/Versions/A/ColorSync
0x0000000018500000 	/System/Library/Frameworks/CoreImage.framework/Versions/A/CoreImage
0x0000000018500000 	/System/Library/Frameworks/CoreText.framework/Versions/A/CoreText
0x0000000018500000 	/System/Library/Frameworks/ImageIO.framework/Versions/A/ImageIO
0x0000000018500000 	/System/Library/PrivateFrameworks/Backup.framework/Versions/A/Backup
0x0000000018500000 	/usr/lib/libarchive.2.dylib
0x0000000018500000 	/System/Library/Frameworks/CFNetwork.framework/Versions/A/CFNetwork
0x0000000018500000 	/System/Library/Frameworks/SystemConfiguration.framework/Versions/A/SystemConfiguration
0x0000000018500000 	/usr/lib/libCRFSuite.dylib
0x0000000018500000 	/usr/lib/libc++.1.dylib
0x0000000018500000 	/usr/lib/libc++abi.dylib
0x0000000018500000 	/usr/lib/system/libcache.dylib
0x0000000018500000 	/usr/lib/system/libcommonCrypto.dylib
0x0000000018500000 	/usr/lib/system/libcompiler_rt.dylib
0x0000000018500000 	/usr/lib/system/libcopyfile.dylib
0x0000000018500000 	/usr/lib/system/libcorecrypto.dylib
0x0000000018500000 	/usr/lib/system/libdispatch.dylib
0x0000000018500000 	/usr/lib/system/libdyld.dylib
0x0000000018500000 	/usr/lib/system/libkeymgr.dylib
0x0000000018500000 	/usr/lib/system/liblaunch.dylib
0x0000000018500000 	/usr/lib/system/libmacho.dylib
0x0000000018500000 	/usr/lib/system/libquarantine.dylib
0x0000000018500000 	/usr/lib/system/libremovefile.dylib
0x0000000018500000 	/usr/lib/system/libsystem_asl.dylib
0x0000000018500000 	/usr/lib/system/libsystem_blocks.dylib
0x0000000018500000 	/usr/lib/system/libsystem_c.dylib
0x0000000018500000 	/usr/lib/system/libsystem_configuration.dylib
0x0000000018500000 	/usr/lib/system/libsystem_coreservices.dylib
0x0000000018500000 	/usr/lib/system/libsystem_darwin.dylib
0x0000000018500000 	/usr/lib/system/libsystem_dnssd.dylib
0x0000000018500000 	/usr/lib/system/libsystem_info.dylib
0x0000000018500000 	/usr/lib/system/libsystem_m.dylib
0x0000000018500000 	/usr/lib/system/libsystem_malloc.dylib
0x0000000018500000 	/usr/lib/system/libsystem_network.dylib
0x0000000018500000 	/usr/lib/system/libsystem_networkextension.dylib
0x0000000018500000 	/usr/lib/system/libsystem_notify.dylib
0x0000000018500000 	/usr/lib/system/libsystem_sandbox.dylib
0x0000000018500000 	/usr/lib/system/libsystem_secinit.dylib
0x0000000018500000 	/usr/lib/system/libsystem_kernel.dylib
0x0000000018500000 	/usr/lib/system/libsystem_platform.dylib
0x0000000018500000 	/usr/lib/system/libsystem_pthread.dylib
0x0000000018500000 	/usr/lib/system/libsystem_symptoms.dylib
0x0000000018500000 	/usr/lib/system/libsystem_trace.dylib
0x0000000018500000 	/usr/lib/system/libunwind.dylib
0x0000000018500000 	/usr/lib/system/libxpc.dylib
0x0000000018500000 	/usr/lib/closure/libclosured.dylib
0x0000000018500000 	/usr/lib/libbsm.0.dylib
0x0000000018500000 	/usr/lib/system/libkxld.dylib
0x0000000018500000 	/usr/lib/libOpenScriptingUtil.dylib
0x0000000018500000 	/usr/lib/libcoretls.dylib
0x0000000018500000 	/usr/lib/libcoretls_cfhelpers.dylib
0x0000000018500000 	/usr/lib/libpam.2.dylib
0x0000000018500000 	/usr/lib/libsqlite3.dylib
0x0000000018500000 	/usr/lib/libxar.1.dylib
0x0000000018500000 	/usr/lib/libbz2.1.0.dylib
0x0000000018500000 	/usr/lib/liblzma.5.dylib
0x0000000018500000 	/usr/lib/libnetwork.dylib
0x0000000018500000 	/usr/lib/libapple_nghttp2.dylib
0x0000000018500000 	/usr/lib/libpcap.A.dylib
0x0000000018500000 	/usr/lib/libboringssl.dylib
0x0000000018500000 	/usr/lib/libusrtcp.dylib
0x0000000018500000 	/usr/lib/libapple_crypto.dylib
0x0000000018500000 	/System/Library/Frameworks/CoreServices.framework/Versions/A/Frameworks/FSEvents.framework/Versions/A/FSEvents
0x0000000018500000 	/System/Library/Frameworks/CoreServices.framework/Versions/A/Frameworks/CarbonCore.framework/Versions/A/CarbonCore
0x0000000018500000 	/System/Library/Frameworks/CoreServices.framework/Versions/A/Frameworks/Metadata.framework/Versions/A/Metadata
0x0000000018500000 	/System/Library/Frameworks/CoreServices.framework/Versions/A/Frameworks/OSServices.framework/Versions/A/OSServices
0x0000000018500000 	/System/Library/Frameworks/CoreServices.framework/Versions/A/Frameworks/SearchKit.framework/Versions/A/SearchKit
0x0000000018500000 	/System/Library/Frameworks/CoreServices.framework/Versions/A/Frameworks/AE.framework/Versions/A/AE
0x0000000018500000 	/System/Library/Frameworks/CoreServices.framework/Versions/A/Frameworks/LaunchServices.framework/Versions/A/LaunchServices
0x0000000018500000 	/System/Library/Frameworks/CoreServices.framework/Versions/A/Frameworks/DictionaryServices.framework/Versions/A/DictionaryServices
0x0000000018500000 	/System/Library/Frameworks/CoreServices.framework/Versions/A/Frameworks/SharedFileList.framework/Versions/A/SharedFileList
0x0000000018500000 	/System/Library/Frameworks/NetFS.framework/Versions/A/NetFS
0x0000000018500000 	/System/Library/PrivateFrameworks/NetAuth.framework/Versions/A/NetAuth
0x0000000018500000 	/System/Library/PrivateFrameworks/login.framework/Versions/A/Frameworks/loginsupport.framework/Versions/A/loginsupport
0x0000000018500000 	/System/Library/PrivateFrameworks/TCC.framework/Versions/A/TCC
0x0000000018500000 	/usr/lib/libmecabra.dylib
0x0000000018500000 	/System/Library/Frameworks/ApplicationServices.framework/Versions/A/Frameworks/ATS.framework/Versions/A/ATS
0x0000000018500000 	/System/Library/Frameworks/ApplicationServices.framework/Versions/A/Frameworks/ColorSyncLegacy.framework/Versions/A/ColorSyncLegacy
0x0000000018500000 	/System/Library/Frameworks/ApplicationServices.framework/Versions/A/Frameworks/HIServices.framework/Versions/A/HIServices
0x0000000018500000 	/System/Library/Frameworks/ApplicationServices.framework/Versions/A/Frameworks/LangAnalysis.framework/Versions/A/LangAnalysis
0x0000000018500000 	/System/Library/Frameworks/ApplicationServices.framework/Versions/A/Frameworks/PrintCore.framework/Versions/A/PrintCore
0x0000000018500000 	/System/Library/Frameworks/ApplicationServices.framework/Versions/A/Frameworks/QD.framework/Versions/A/QD
0x0000000018500000 	/System/Library/Frameworks/ApplicationServices.framework/Versions/A/Frameworks/SpeechSynthesis.framework/Versions/A/SpeechSynthesis
0x0000000018500000 	/System/Library/Frameworks/CoreDisplay.framework/Versions/A/CoreDisplay
0x0000000018500000 	/System/Library/Frameworks/Accelerate.framework/Versions/A/Frameworks/vImage.framework/Versions/A/vImage
0x0000000018500000 	/System/Library/Frameworks/Accelerate.framework/Versions/A/Frameworks/vecLib.framework/Versions/A/vecLib
0x0000000018500000 	/System/Library/Frameworks/Accelerate.framework/Versions/A/Frameworks/vecLib.framework/Versions/A/libvDSP.dylib
0x0000000018500000 	/System/Library/Frameworks/Accelerate.framework/Versions/A/Frameworks/vecLib.framework/Versions/A/libBNNS.dylib
0x0000000018500000 	/System/Library/Frameworks/Accelerate.framework/Versions/A/Frameworks/vecLib.framework/Versions/A/libQuadrature.dylib
0x0000000018500000 	/System/Library/Frameworks/Accelerate.framework/Versions/A/Frameworks/vecLib.framework/Versions/A/libvMisc.dylib
0x0000000018500000 	/System/Library/Frameworks/Accelerate.framework/Versions/A/Frameworks/vecLib.framework/Versions/A/libLAPACK.dylib
0x0000000018500000 	/System/Library/Frameworks/Accelerate.framework/Versions/A/Frameworks/vecLib.framework/Versions/A/libBLAS.dylib
0x0000000018500000 	/System/Library/Frameworks/Accelerate.framework/Versions/A/Frameworks/vecLib.framework/Versions/A/libLinearAlgebra.dylib
0x0000000018500000 	/System/Library/Frameworks/Accelerate.framework/Versions/A/Frameworks/vecLib.framework/Versions/A/libSparse.dylib
0x0000000018500000 	/System/Library/Frameworks/Accelerate.framework/Versions/A/Frameworks/vecLib.framework/Versions/A/libSparseBLAS.dylib
0x0000000018500000 	/System/Library/PrivateFrameworks/IOAccelerator.framework/Versions/A/IOAccelerator
0x0000000018500000 	/System/Library/PrivateFrameworks/IOPresentment.framework/Versions/A/IOPresentment
0x0000000018500000 	/System/Library/PrivateFrameworks/DSExternalDisplay.framework/Versions/A/DSExternalDisplay
0x0000000018500000 	/System/Library/Frameworks/OpenGL.framework/Versions/A/Libraries/libCoreFSCache.dylib
0x0000000018500000 	/System/Library/Frameworks/CoreVideo.framework/Versions/A/CoreVideo
0x0000000018500000 	/System/Library/PrivateFrameworks/GraphVisualizer.framework/Versions/A/GraphVisualizer
0x0000000018500000 	/System/Library/Frameworks/MetalPerformanceShaders.framework/Versions/A/MetalPerformanceShaders
0x0000000018500000 	/usr/lib/libFosl_dynamic.dylib
0x0000000018500000 	/System/Library/PrivateFrameworks/FaceCore.framework/Versions/A/FaceCore
0x0000000018500000 	/System/Library/Frameworks/OpenCL.framework/Versions/A/OpenCL
0x0000000018500000 	/usr/lib/libcompression.dylib
0x0000000018500000 	/System/Library/Frameworks/ApplicationServices.framework/Versions/A/Frameworks/ATS.framework/Versions/A/Resources/libFontParser.dylib
0x0000000018500000 	/System/Library/Frameworks/ApplicationServices.framework/Versions/A/Frameworks/ATS.framework/Versions/A/Resources/libFontRegistry.dylib
0x0000000018500000 	/System/Library/Frameworks/ImageIO.framework/Versions/A/Resources/libJPEG.dylib
0x0000000018500000 	/System/Library/Frameworks/ImageIO.framework/Versions/A/Resources/libTIFF.dylib
0x0000000018500000 	/System/Library/Frameworks/ImageIO.framework/Versions/A/Resources/libPng.dylib
0x0000000018500000 	/System/Library/Frameworks/ImageIO.framework/Versions/A/Resources/libGIF.dylib
0x0000000018500000 	/System/Library/Frameworks/ImageIO.framework/Versions/A/Resources/libJP2.dylib
0x0000000018500000 	/System/Library/Frameworks/ImageIO.framework/Versions/A/Resources/libRadiance.dylib
0x0000000018500000 	/System/Library/PrivateFrameworks/AppleJPEG.framework/Versions/A/AppleJPEG
0x0000000018500000 	/System/Library/PrivateFrameworks/MetalTools.framework/Versions/A/MetalTools
0x0000000018500000 	/System/Library/Frameworks/MetalPerformanceShaders.framework/Frameworks/MPSCore.framework/Versions/A/MPSCore
0x0000000018500000 	/System/Library/Frameworks/MetalPerformanceShaders.framework/Frameworks/MPSImage.framework/Versions/A/MPSImage
0x0000000018500000 	/System/Library/Frameworks/MetalPerformanceShaders.framework/Frameworks/MPSMatrix.framework/Versions/A/MPSMatrix
0x0000000018500000 	/System/Library/Frameworks/MetalPerformanceShaders.framework/Frameworks/MPSNeuralNetwork.framework/Versions/A/MPSNeuralNetwork
0x0000000018500000 	/System/Library/Frameworks/OpenGL.framework/Versions/A/Libraries/libGLU.dylib
0x0000000018500000 	/System/Library/Frameworks/OpenGL.framework/Versions/A/Libraries/libGFXShared.dylib
0x0000000018500000 	/System/Library/Frameworks/OpenGL.framework/Versions/A/Libraries/libGL.dylib
0x0000000018500000 	/System/Library/Frameworks/OpenGL.framework/Versions/A/Libraries/libGLImage.dylib
0x0000000018500000 	/System/Library/Frameworks/OpenGL.framework/Versions/A/Libraries/libCVMSPluginSupport.dylib
0x0000000018500000 	/System/Library/Frameworks/OpenGL.framework/Versions/A/Libraries/libCoreVMClient.dylib
0x0000000018500000 	/usr/lib/libcups.2.dylib
0x0000000018500000 	/System/Library/Frameworks/Kerberos.framework/Versions/A/Kerberos
0x0000000018500000 	/System/Library/Frameworks/GSS.framework/Versions/A/GSS
0x0000000018500000 	/usr/lib/libresolv.9.dylib
0x0000000018500000 	/usr/lib/libiconv.2.dylib
0x0000000018500000 	/System/Library/PrivateFrameworks/Heimdal.framework/Versions/A/Heimdal
0x0000000018500000 	/usr/lib/libheimdal-asn1.dylib
0x0000000018500000 	/System/Library/Frameworks/OpenDirectory.framework/Versions/A/OpenDirectory
0x0000000018500000 	/System/Library/PrivateFrameworks/CommonAuth.framework/Versions/A/CommonAuth
0x0000000018500000 	/System/Library/Frameworks/OpenDirectory.framework/Versions/A/Frameworks/CFOpenDirectory.framework/Versions/A/CFOpenDirectory
0x0000000018500000 	/System/Library/Frameworks/SecurityFoundation.framework/Versions/A/SecurityFoundation
0x0000000018500000 	/System/Library/PrivateFrameworks/APFS.framework/Versions/A/APFS
0x0000000018500000 	/usr/lib/libutil.dylib
0x0000000018500000 	/System/Library/PrivateFrameworks/AppleSauce.framework/Versions/A/AppleSauce
0x0000000018500000 	/System/Library/PrivateFrameworks/LinguisticData.framework/Versions/A/LinguisticData
0x0000000018500000 	/usr/lib/libmarisa.dylib
0x0000000018500000 	/System/Library/PrivateFrameworks/Lexicon.framework/Versions/A/Lexicon
0x0000000018500000 	/usr/lib/libChineseTokenizer.dylib
0x0000000018500000 	/usr/lib/libcmph.dylib
0x0000000018500000 	/System/Library/PrivateFrameworks/LanguageModeling.framework/Versions/A/LanguageModeling
0x0000000018500000 	/System/Library/PrivateFrameworks/CoreEmoji.framework/Versions/A/CoreEmoji
0x0000000018500000 	/System/Library/Frameworks/ServiceManagement.framework/Versions/A/ServiceManagement
0x0000000018500000 	/System/Library/PrivateFrameworks/BackgroundTaskManagement.framework/Versions/A/BackgroundTaskManagement
0x0000000018500000 	/usr/lib/libxslt.1.dylib
0x0000000018500000 	/System/Library/Frameworks/Carbon.framework/Versions/A/Frameworks/Ink.framework/Versions/A/Ink
0x0000000018500000 	/System/Library/PrivateFrameworks/TextureIO.framework/Versions/A/TextureIO
0x0000000018500000 	/usr/lib/libate.dylib
0x0000000018500000 	/System/Library/PrivateFrameworks/CrashReporterSupport.framework/Versions/A/CrashReporterSupport
0x0000000018500000 	/System/Library/PrivateFrameworks/Sharing.framework/Versions/A/Sharing
0x0000000018500000 	/System/Library/PrivateFrameworks/IconServices.framework/Versions/A/IconServices
0x0000000018500000 	/System/Library/PrivateFrameworks/ProtocolBuffer.framework/Versions/A/ProtocolBuffer
0x0000000018500000 	/System/Library/PrivateFrameworks/Apple80211.framework/Versions/A/Apple80211
0x0000000018500000 	/System/Library/Frameworks/CoreWLAN.framework/Versions/A/CoreWLAN
0x0000000018500000 	/System/Library/PrivateFrameworks/CoreUtils.framework/Versions/A/CoreUtils
0x0000000018500000 	/System/Library/Frameworks/IOBluetooth.framework/Versions/A/IOBluetooth
0x0000000018500000 	/System/Library/PrivateFrameworks/CoreWiFi.framework/Versions/A/CoreWiFi
0x0000000018500000 	/System/Library/Frameworks/CoreBluetooth.framework/Versions/A/CoreBluetooth
0x0000000018500000 	/System/Library/PrivateFrameworks/SignpostNotification.framework/Versions/A/SignpostNotification
0x0000000018500000 	/System/Library/PrivateFrameworks/DebugSymbols.framework/Versions/A/DebugSymbols
0x0000000018500000 	/System/Library/PrivateFrameworks/CoreSymbolication.framework/Versions/A/CoreSymbolication
0x0000000018500000 	/System/Library/PrivateFrameworks/Symbolication.framework/Versions/A/Symbolication
0x0000000018500000 	/System/Library/PrivateFrameworks/AppleFSCompression.framework/Versions/A/AppleFSCompression
0x0000000018500000 	/System/Library/PrivateFrameworks/SpeechRecognitionCore.framework/Versions/A/SpeechRecognitionCore
0x0000000108143000 	/Library/Java/JavaVirtualMachines/jdk1.8.0_144.jdk/Contents/Home/jre/lib/server/libjvm.dylib
0x0000000018500000 	/usr/lib/libstdc++.6.0.9.dylib
0x00000001090ea000 	/Library/Java/JavaVirtualMachines/jdk1.8.0_144.jdk/Contents/Home/jre/lib/libverify.dylib
0x00000001090f8000 	/Library/Java/JavaVirtualMachines/jdk1.8.0_144.jdk/Contents/Home/jre/lib/libjava.dylib
0x000000010912e000 	/Library/Java/JavaVirtualMachines/jdk1.8.0_144.jdk/Contents/Home/jre/lib/libjdwp.dylib
0x0000000109179000 	/Library/Java/JavaVirtualMachines/jdk1.8.0_144.jdk/Contents/Home/jre/lib/libnpt.dylib
0x000000010917d000 	/Library/Java/JavaVirtualMachines/jdk1.8.0_144.jdk/Contents/Home/jre/lib/libinstrument.dylib
0x00000001091db000 	/Library/Java/JavaVirtualMachines/jdk1.8.0_144.jdk/Contents/Home/jre/lib/libzip.dylib
0x0000000018500000 	/System/Library/Frameworks/JavaVM.framework/Versions/A/Frameworks/JavaRuntimeSupport.framework/Versions/A/JavaRuntimeSupport
0x0000000018500000 	/System/Library/Frameworks/JavaVM.framework/Versions/A/Frameworks/JavaNativeFoundation.framework/Versions/A/JavaNativeFoundation
0x0000000018500000 	/System/Library/Frameworks/JavaVM.framework/Versions/A/JavaVM
0x0000000018500000 	/System/Library/Frameworks/Carbon.framework/Versions/A/Carbon
0x0000000018500000 	/System/Library/PrivateFrameworks/JavaLaunching.framework/Versions/A/JavaLaunching
0x0000000018500000 	/System/Library/Frameworks/Carbon.framework/Versions/A/Frameworks/CommonPanels.framework/Versions/A/CommonPanels
0x0000000018500000 	/System/Library/Frameworks/Carbon.framework/Versions/A/Frameworks/Help.framework/Versions/A/Help
0x0000000018500000 	/System/Library/Frameworks/Carbon.framework/Versions/A/Frameworks/ImageCapture.framework/Versions/A/ImageCapture
0x0000000018500000 	/System/Library/Frameworks/Carbon.framework/Versions/A/Frameworks/OpenScripting.framework/Versions/A/OpenScripting
0x0000000018500000 	/System/Library/Frameworks/Carbon.framework/Versions/A/Frameworks/Print.framework/Versions/A/Print
0x0000000018500000 	/System/Library/Frameworks/Carbon.framework/Versions/A/Frameworks/SecurityHI.framework/Versions/A/SecurityHI
0x00000001091ec000 	/Library/Java/JavaVirtualMachines/jdk1.8.0_144.jdk/Contents/Home/jre/lib/libdt_socket.dylib
0x0000000122802000 	/Library/Java/JavaVirtualMachines/jdk1.8.0_144.jdk/Contents/Home/jre/lib/libnet.dylib
0x0000000122989000 	/Library/Java/JavaVirtualMachines/jdk1.8.0_144.jdk/Contents/Home/jre/lib/libnio.dylib
0x00000001234e3000 	/Library/Java/JavaVirtualMachines/jdk1.8.0_144.jdk/Contents/Home/jre/lib/libawt.dylib
0x000000012358b000 	/Library/Java/JavaVirtualMachines/jdk1.8.0_144.jdk/Contents/Home/jre/lib/./libmlib_image.dylib
0x0000000123657000 	/Library/Java/JavaVirtualMachines/jdk1.8.0_144.jdk/Contents/Home/jre/lib/libawt_lwawt.dylib
0x000000012370e000 	/Library/Java/JavaVirtualMachines/jdk1.8.0_144.jdk/Contents/Home/jre/lib/./libosxapp.dylib
0x0000000018500000 	/System/Library/Frameworks/ExceptionHandling.framework/Versions/A/ExceptionHandling
0x0000000018500000 	/System/Library/PrivateFrameworks/CoreServicesInternal.framework/Versions/A/CoreServicesInternal
0x0000000018500000 	/System/Library/CoreServices/RawCamera.bundle/Contents/MacOS/RawCamera
0x0000000018500000 	/System/Library/PrivateFrameworks/MobileAsset.framework/Versions/A/MobileAsset
0x0000000018500000 	/System/Library/PrivateFrameworks/StreamingZip.framework/Versions/A/StreamingZip
0x0000000018500000 	/System/Library/Frameworks/MediaToolbox.framework/Versions/A/MediaToolbox
0x0000000018500000 	/System/Library/PrivateFrameworks/CoreAVCHD.framework/Versions/A/CoreAVCHD
0x0000000018500000 	/System/Library/Frameworks/MediaAccessibility.framework/Versions/A/MediaAccessibility
0x0000000018500000 	/System/Library/PrivateFrameworks/Mangrove.framework/Versions/A/Mangrove
0x0000000018500000 	/System/Library/Frameworks/CoreMedia.framework/Versions/A/CoreMedia
0x0000000018500000 	/System/Library/Frameworks/VideoToolbox.framework/Versions/A/VideoToolbox
0x0000000018500000 	/System/Library/PrivateFrameworks/CoreAUC.framework/Versions/A/CoreAUC
0x0000000018500000 	/usr/lib/libspindump.dylib
0x0000000018500000 	/usr/lib/libdscsym.dylib
0x0000000018500000 	/System/Library/PrivateFrameworks/AppleVA.framework/Versions/A/AppleVA
0x0000000018500000 	/System/Library/Frameworks/Accelerate.framework/Versions/A/Frameworks/vImage.framework/Versions/A/Libraries/libCGInterfaces.dylib
0x0000000018500000 	/System/Library/Frameworks/ApplicationServices.framework/Versions/A/Frameworks/ATS.framework/Versions/A/Resources/libTrueTypeScaler.dylib
0x0000000018500000 	/System/Library/Frameworks/OpenGL.framework/Versions/A/Resources/GLEngine.bundle/GLEngine
0x0000000018500000 	/System/Library/Frameworks/OpenGL.framework/Versions/A/Libraries/libGLProgrammability.dylib
0x0000000125577000 	/System/Library/Extensions/AppleIntelHD5000GraphicsGLDriver.bundle/Contents/MacOS/AppleIntelHD5000GraphicsGLDriver
0x0000000018500000 	/System/Library/PrivateFrameworks/GPUSupport.framework/Versions/A/Libraries/libGPUSupportMercury.dylib
0x0000000018500000 	/System/Library/Frameworks/OpenGL.framework/Versions/A/Resources/GLRendererFloat.bundle/GLRendererFloat
0x0000000018500000 	/System/Library/Frameworks/OpenCL.framework/Versions/A/Libraries/libcldcpuengine.dylib
0x0000000018500000 	/usr/lib/libcrypto.35.dylib
0x0000000018500000 	/System/Library/PrivateFrameworks/TrustEvaluationAgent.framework/Versions/A/TrustEvaluationAgent
0x0000000018500000 	/System/Library/Extensions/AppleIntelHD5000GraphicsMTLDriver.bundle/Contents/MacOS/AppleIntelHD5000GraphicsMTLDriver
0x0000000018500000 	/System/Library/PrivateFrameworks/GPUCompiler.framework/Versions/3802/Libraries/libmetal_timestamp.dylib
0x0000000018500000 	/System/Library/PrivateFrameworks/FamilyControls.framework/Versions/A/FamilyControls
0x0000000018500000 	/System/Library/PrivateFrameworks/CommerceKit.framework/Versions/A/Frameworks/CommerceCore.framework/Versions/A/CommerceCore
0x0000000018500000 	/System/Library/PrivateFrameworks/SystemAdministration.framework/Versions/A/SystemAdministration
0x0000000018500000 	/System/Library/PrivateFrameworks/AppContainer.framework/Versions/A/AppContainer
0x0000000018500000 	/System/Library/PrivateFrameworks/SecCodeWrapper.framework/Versions/A/SecCodeWrapper
0x0000000018500000 	/System/Library/PrivateFrameworks/DiskManagement.framework/Versions/A/DiskManagement
0x0000000018500000 	/System/Library/Frameworks/DirectoryService.framework/Versions/A/DirectoryService
0x0000000018500000 	/System/Library/PrivateFrameworks/DiskImages.framework/Versions/A/DiskImages
0x0000000018500000 	/System/Library/PrivateFrameworks/LoginUIKit.framework/Versions/A/Frameworks/LoginUICore.framework/Versions/A/LoginUICore
0x0000000018500000 	/usr/lib/libCoreStorage.dylib
0x0000000018500000 	/usr/lib/libcsfde.dylib
0x0000000018500000 	/usr/lib/libodfde.dylib
0x0000000018500000 	/System/Library/PrivateFrameworks/MediaKit.framework/Versions/A/MediaKit
0x0000000018500000 	/System/Library/Frameworks/DiscRecording.framework/Versions/A/DiscRecording
0x0000000018500000 	/System/Library/PrivateFrameworks/EFILogin.framework/Versions/A/EFILogin
0x0000000018500000 	/System/Library/PrivateFrameworks/ProtectedCloudStorage.framework/Versions/A/ProtectedCloudStorage
0x0000000018500000 	/usr/lib/libcurl.4.dylib
0x0000000018500000 	/usr/lib/libssl.35.dylib
0x0000000018500000 	/System/Library/Frameworks/LDAP.framework/Versions/A/LDAP
0x0000000018500000 	/usr/lib/libsasl2.2.dylib
0x0000000018500000 	/System/Library/PrivateFrameworks/CoreDaemon.framework/Versions/B/CoreDaemon
0x0000000018500000 	/System/Library/PrivateFrameworks/AppleSRP.framework/Versions/A/AppleSRP
0x0000000126002000 	/Library/Java/JavaVirtualMachines/jdk1.8.0_144.jdk/Contents/Home/jre/lib/libfontmanager.dylib
0x0000000018500000 	/System/Library/PrivateFrameworks/ViewBridge.framework/Versions/A/ViewBridge
0x0000000126d30000 	/Library/Java/JavaVirtualMachines/jdk1.8.0_144.jdk/Contents/Home/jre/lib/libosxui.dylib
0x000000012843e000 	/Library/Java/JavaVirtualMachines/jdk1.8.0_144.jdk/Contents/Home/jre/lib/libmanagement.dylib
0x0000000122e8b000 	/Users/marek/Library/Caches/MPSSRC2017.3/tmp/jna6171505568524450848.tmp
0x00000001623e6000 	/Library/Java/JavaVirtualMachines/jdk1.8.0_144.jdk/Contents/Home/jre/lib/libosx.dylib
0x0000000163f5c000 	/Library/Java/JavaVirtualMachines/jdk1.8.0_144.jdk/Contents/Home/jre/lib/libsplashscreen.dylib
0x00000001239b5000 	/Library/Java/JavaVirtualMachines/jdk1.8.0_144.jdk/Contents/Home/jre/lib/libjawt.dylib
0x0000000162443000 	/Library/Java/JavaVirtualMachines/jdk1.8.0_144.jdk/Contents/Home/jre/lib/libsunec.dylib
0x00000001639f3000 	/Library/Java/JavaVirtualMachines/jdk1.8.0_144.jdk/Contents/Home/jre/lib/liblcms.dylib
0x000000016398f000 	/Library/Java/JavaVirtualMachines/jdk1.8.0_144.jdk/Contents/Home/jre/lib/libt2k.dylib
0x000000016373f000 	/Library/Java/JavaVirtualMachines/jdk1.8.0_144.jdk/Contents/Home/jre/lib/libdcpr.dylib
0x0000000018500000 	/System/Library/PrivateFrameworks/login.framework/Versions/A/login
0x0000000018500000 	/System/Library/PrivateFrameworks/Shortcut.framework/Versions/A/Shortcut
0x0000000018500000 	/System/Library/PrivateFrameworks/HelpData.framework/Versions/A/HelpData
0x0000000018500000 	/System/Library/PrivateFrameworks/CloudDocs.framework/Versions/A/CloudDocs
0x0000000018500000 	/System/Library/PrivateFrameworks/FileProvider.framework/Versions/A/FileProvider
0x0000000018500000 	/System/Library/PrivateFrameworks/SpotlightIndex.framework/Versions/A/SpotlightIndex
0x0000000018500000 	/System/Library/PrivateFrameworks/SymptomDiagnosticReporter.framework/Versions/A/SymptomDiagnosticReporter
0x0000000018500000 	/System/Library/PrivateFrameworks/GenerationalStorage.framework/Versions/A/GenerationalStorage
0x0000000018500000 	/System/Library/PrivateFrameworks/ChunkingLibrary.framework/Versions/A/ChunkingLibrary
0x0000000018500000 	/System/Library/PrivateFrameworks/CoreNLP.framework/Versions/A/CoreNLP
0x0000000018500000 	/usr/lib/libmecab.1.0.0.dylib
0x0000000018500000 	/usr/lib/libgermantok.dylib
0x0000000018500000 	/usr/lib/libThaiTokenizer.dylib

VM Arguments:
jvm_args: -ea -Xmx4096m -XX:NewSize=384m -Dmps.internal=true -XX:+HeapDumpOnOutOfMemoryError -Dapple.laf.useScreenMenuBar=true -Dcom.apple.mrj.application.apple.menu.about.name=JetBrains MPS -Dapple.awt.graphics.UseQuartz=true -Dide.mac.message.dialogs.as.sheets=false -Didea.paths.selector=MPSSRC2017.3 -Dintellij.config.imported.in.current.session=true -Dawt.useSystemAAFontSettings=lcd -agentlib:jdwp=transport=dt_socket,server=y,suspend=n,address=5060 -Didea.debug.mode=true -XX:MaxJavaStackTraceDepth=-1 -XX:-OmitStackTraceInFastThrow -Djava.net.preferIPv4Stack=true -Dsun.io.useCanonCaches=false -XX:SoftRefLRUPolicyMSPerMB=50 -XX:+UseConcMarkSweepGC -javaagent:/Applications/IntelliJ IDEA.app/Contents/lib/idea_rt.jar=59457:/Applications/IntelliJ IDEA.app/Contents/bin -Dfile.encoding=UTF-8 
java_command: jetbrains.mps.Launcher
java_class_path (initial): /Library/Java/JavaVirtualMachines/jdk1.8.0_144.jdk/Contents/Home/jre/lib/charsets.jar:/Library/Java/JavaVirtualMachines/jdk1.8.0_144.jdk/Contents/Home/jre/lib/deploy.jar:/Library/Java/JavaVirtualMachines/jdk1.8.0_144.jdk/Contents/Home/jre/lib/ext/cldrdata.jar:/Library/Java/JavaVirtualMachines/jdk1.8.0_144.jdk/Contents/Home/jre/lib/ext/dnsns.jar:/Library/Java/JavaVirtualMachines/jdk1.8.0_144.jdk/Contents/Home/jre/lib/ext/jaccess.jar:/Library/Java/JavaVirtualMachines/jdk1.8.0_144.jdk/Contents/Home/jre/lib/ext/jfxrt.jar:/Library/Java/JavaVirtualMachines/jdk1.8.0_144.jdk/Contents/Home/jre/lib/ext/localedata.jar:/Library/Java/JavaVirtualMachines/jdk1.8.0_144.jdk/Contents/Home/jre/lib/ext/nashorn.jar:/Library/Java/JavaVirtualMachines/jdk1.8.0_144.jdk/Contents/Home/jre/lib/ext/sunec.jar:/Library/Java/JavaVirtualMachines/jdk1.8.0_144.jdk/Contents/Home/jre/lib/ext/sunjce_provider.jar:/Library/Java/JavaVirtualMachines/jdk1.8.0_144.jdk/Contents/Home/jre/lib/ext/sunpkcs11.jar:/Library/Java/JavaVirtualMachines/jdk1.8.0_144.jdk/Contents/Home/jre/lib/ext/zipfs.jar:/Library/Java/JavaVirtualMachines/jdk1.8.0_144.jdk/Contents/Home/jre/lib/javaws.jar:/Library/Java/JavaVirtualMachines/jdk1.8.0_144.jdk/Contents/Home/jre/lib/jce.jar:/Library/Java/JavaVirtualMachines/jdk1.8.0_144.jdk/Contents/Home/jre/lib/jfr.jar:/Library/Java/JavaVirtualMachines/jdk1.8.0_144.jdk/Contents/Home/jre/lib/jfxswt.jar:/Library/Java/JavaVirtualMachines/jdk1.8.0_144.jdk/Contents/Home/jre/lib/jsse.jar:/Library/Java/JavaVirtualMachines/jdk1.8.0_144.jdk/Contents/Home/jre/lib/management-agent.jar:/Library/Java/JavaVirtualMachines/jdk1.8.0_144.jdk/Contents/Home/jre/lib/plugin.jar:/Library/Java/JavaVirtualMachines/jdk1.8.0_144.jdk/Contents/Home/jre/lib/resources.jar:/Library/Java/JavaVirtualMachines/jdk1.8.0_144.jdk/Contents/Home/jre/lib/rt.jar:/Library/Java/JavaVirtualMachines/jdk1.8.0_144.jdk/Contents/Home/lib/ant-javafx.jar:/Library/Java/JavaVirtualMachines/jdk1.8.0_144.jdk/Contents/Home
Launcher Type: SUN_STANDARD

Environment Variables:
PATH=/usr/local/bin:/usr/bin:/bin:/usr/sbin:/sbin:/Users/marek/.rvm/bin
SHELL=/bin/bash

Signal Handlers:
SIGSEGV: [libjvm.dylib+0x5b26e5], sa_mask[0]=11111111011111110111111111111111, sa_flags=SA_ONSTACK|SA_RESTART|SA_SIGINFO
SIGBUS: [libjvm.dylib+0x5b26e5], sa_mask[0]=11111111011111110111111111111111, sa_flags=SA_RESTART|SA_SIGINFO
SIGFPE: [libjvm.dylib+0x489100], sa_mask[0]=11111111011111110111111111111111, sa_flags=SA_RESTART|SA_SIGINFO
SIGPIPE: [libjvm.dylib+0x489100], sa_mask[0]=11111111011111110111111111111111, sa_flags=SA_RESTART|SA_SIGINFO
SIGXFSZ: [libjvm.dylib+0x489100], sa_mask[0]=11111111011111110111111111111111, sa_flags=SA_RESTART|SA_SIGINFO
SIGILL: [libjvm.dylib+0x489100], sa_mask[0]=11111111011111110111111111111111, sa_flags=SA_RESTART|SA_SIGINFO
SIGUSR1: SIG_DFL, sa_mask[0]=00000000000000000000000000000000, sa_flags=none
SIGUSR2: [libjvm.dylib+0x488c1e], sa_mask[0]=00100000000000000000000000000000, sa_flags=SA_RESTART|SA_SIGINFO
SIGHUP: [libjvm.dylib+0x4871f5], sa_mask[0]=11111111011111110111111111111111, sa_flags=SA_RESTART|SA_SIGINFO
SIGINT: [libjvm.dylib+0x4871f5], sa_mask[0]=11111111011111110111111111111111, sa_flags=SA_RESTART|SA_SIGINFO
SIGTERM: [libjvm.dylib+0x4871f5], sa_mask[0]=11111111011111110111111111111111, sa_flags=SA_RESTART|SA_SIGINFO
SIGQUIT: [libjvm.dylib+0x4871f5], sa_mask[0]=11111111011111110111111111111111, sa_flags=SA_RESTART|SA_SIGINFO


---------------  S Y S T E M  ---------------

OS:Bsduname:Darwin 17.3.0 Darwin Kernel Version 17.3.0: Thu Nov  9 18:09:22 PST 2017; root:xnu-4570.31.3~1/RELEASE_X86_64 x86_64
rlimit: STACK 8192k, CORE 0k, NPROC 709, NOFILE 10240, AS infinity
load average:14.27 5.78 6.07

CPU:total 4 (initial active 4) (2 cores per cpu, 2 threads per core) family 6 model 69 stepping 1, cmov, cx8, fxsr, mmx, sse, sse2, sse3, ssse3, sse4.1, sse4.2, popcnt, avx, avx2, aes, clmul, erms, lzcnt, ht, tsc, tscinvbit, bmi1, bmi2

Memory: 4k page, physical 4194304k(26668k free)

/proc/meminfo:


vm_info: Java HotSpot(TM) 64-Bit Server VM (25.144-b01) for bsd-amd64 JRE (1.8.0_144-b01), built on Jul 21 2017 22:07:42 by "java_re" with gcc 4.2.1 (Based on Apple Inc. build 5658) (LLVM build 2336.11.00)

time: Tue Jan 23 11:20:34 2018
elapsed time: 1933 seconds (0d 0h 32m 13s)

